['1', 'C', 'N', 'N', 'E', 'E', '9', '2', '0', '0', 'v', 'o', 'l', '7'] A
['2', 'C', 'N', 'N', 'E', 'E', '0', '3', '1', '1', 'v', 'o', 'l', '8'] M
['C', 'N', 'N', 'E', 'E', '0', '3', '1', '1', 'v', 'o', 'l', '8', '2'] C
CNNEE0311vol82
['7', '3', 'd', 't', 't', 'A', 'd', '7'] P
['3', 'd', 't', 't', 'A', 'd', '7', '7'] C
['A', 'd', '7', '7', '3', 'd', 't', 't'] E
Ad773dtt
['2', '4', 'o', 'o', 'G', 'Y', '3', '0', '0'] P
['0', '0', '3', 'Y', 'G', 'o', 'o', '4', '2'] A
['2', '0', '0', '3', 'Y', 'G', 'o', 'o', '4'] J
['G', 'o', 'o', '4', 'Y', '2', '0', '0', '3'] E
Goo4Y2003
['5', '7', 'x', 'E', 'a', 'd', 'd', 'a'] P
['a', 'd', 'd', 'a', 'E', 'x', '7', '5'] A
['a', 'd', 'd', 'a', 'E', 'x', '8', '6'] M
['E', 'x', '8', '6', 'a', 'd', 'd', 'a'] E
Ex86adda
['4', 'i', 'O', '7', 'E', 'c', 'c'] M
['3', 'i', 'O', '6', 'E', 'c', 'c'] P
['i', 'O', '6', 'E', 'c', 'c', '3'] C
['3', 'i', 'O', '6', 'E', 'c', 'c'] J
['E', 'c', 'c', '6', '3', 'i', 'O'] E
Ecc63iO
['a'] P
['a'] E
['a'] C
a
['9'] P
['9'] E
['9'] C
9
['0'] M
['0'] A
['0'] J
0
['Z'] M
['Z'] A
['Z'] J
Z
['W', 'e', 'd', 'g', 'e', '1', '1'] J
Wedge11
['W', 'e', 'd', 'g', 'e', '1', '1'] C
Wedge11
['W', 'e', 'd', 'g', 'e', '1', '1'] E
Wedge11
['W', 'e', 'd', 'g', 'e', '1'] E
Wedge1
['W', 'e', 'd', 'g', 'e', '1', '1'] A
Wedge11
['W', 'e', 'd', 'g', 'e', '1', '1'] P
Wedge11
['W', 'e', 'd', 'g', 'e', '1', '1'] M
Wedge11
['a', 'r', 'g', 'o', 'r', 'P', '2', '9', '9', '1', 'M', 'C', 'A', 't', 's', 'e', 't', 'n', 'o', 'C', 'g', 'n', 'i', 'm'] C
['A', 't', 's', 'e', 't', 'n', 'o', 'C', 'g', 'n', 'i', 'm', 'a', 'r', 'g', 'o', 'r', 'P', '2', '9', '9', '1', 'M', 'C'] E
['A', 't', 's', 'e', 't', 'n', 'o', 'C', 'g', 'n', 'i', 'm', 'a', 'r', 'g', 'o', 'r', 'P', '3', '0', '0', '2', 'M', 'C'] M
['C', 'M', '2', '0', '0', '3', 'P', 'r', 'o', 'g', 'r', 'a', 'm', 'i', 'n', 'g', 'C', 'o', 'n', 't', 'e', 's', 't', 'A'] A
['A', 'C', 'M', '2', '0', '0', '3', 'P', 'r', 'o', 'g', 'r', 'a', 'm', 'i', 'n', 'g', 'C', 'o', 'n', 't', 'e', 's', 't'] J
ACM2003ProgramingContest
['s', 'n', 'u', 'r', '1', '0', 'X', 'A', 'e', 'n', 'i', 'h', 'c', 'a', 'm'] J
['e', 'n', 'i', 'h', 'c', 'a', 'm', 'A', 's', 'n', 'u', 'r', '1', '0', 'X'] E
['X', '0', '1', 'r', 'u', 'n', 's', 'A', 'm', 'a', 'c', 'h', 'i', 'n', 'e'] A
X01runsAmachine
['4', 'c', 'a', 'M', '0', 'T', 'e', 's', '1'] M
['1', 's', 'e', 'T', '0', 'M', 'a', 'c', '4'] A
['M', 'a', 'c', '4', '0', '1', 's', 'e', 'T'] E
['a', 'c', '4', '0', '1', 's', 'e', 'T', 'M'] C
['a', 'c', '3', '9', '0', 's', 'e', 'T', 'M'] P
['M', 'a', 'c', '3', '9', '0', 's', 'e', 'T'] J
Mac390seT
['8', '2', '6', '6', 'Z', 'a', 'g', 'a', 'r', 't', '8', '6', '4', '4', 'g', 't', 'v', '2', '6', '7', '2', '7', '7', '2', '5'] A
['2', '6', '6', 'Z', 'a', 'g', 'a', 'r', 't', '8', '6', '4', '4', 'g', 't', 'v', '2', '6', '7', '2', '7', '7', '2', '5', '8'] C
['1', '5', '5', 'Z', 'a', 'g', 'a', 'r', 't', '7', '5', '3', '3', 'g', 't', 'v', '1', '5', '6', '1', '6', '6', '1', '4', '7'] P
155Zagart7533gtv156166147
['3', '0', '0', '2', 'v', 'o', 'n', '3', '0'] E
['4', '1', '1', '3', 'v', 'o', 'n', '4', '1'] M
['3', '0', '0', '2', 'v', 'o', 'n', '3', '0'] P
['0', '3', 'n', 'o', 'v', '2', '0', '0', '3'] A
03nov2003
['o', 'j', 'E', 'u', 'o', 'Y', 'e', 'r', 'A', 'n', '5', '2', '5', '5', 'y'] P
['j', 'E', 'u', 'o', 'Y', 'e', 'r', 'A', 'n', '5', '2', '5', '5', 'y', 'o'] C
['o', 'y', '5', '5', '2', '5', 'n', 'A', 'r', 'e', 'Y', 'o', 'u', 'E', 'j'] A
['j', 'o', 'y', '5', '5', '2', '5', 'n', 'A', 'r', 'e', 'Y', 'o', 'u', 'E'] J
['A', 'r', 'e', 'Y', 'o', 'u', 'E', 'n', 'j', 'o', 'y', '5', '5', '2', '5'] E
AreYouEnjoy5525
['I', 'n', 'i', '4', '9'] J
['I', 'n', 'i', '3', '8'] P
['3', '8', 'i', 'I', 'n'] E
38iIn
['U', 'A', '3', '1', '4', '1', 'e', 'l', 'i', 'f', 'X', 'e', 's', 'r', 'o', 'C', 'i', 'i', 'd', 'X'] C
['X', 'd', 'i', 'i', 'C', 'o', 'r', 's', 'e', 'X', 'f', 'i', 'l', 'e', '1', '4', '1', '3', 'A', 'U'] A
['f', 'i', 'l', 'e', '1', '4', '1', '3', 'A', 'U', 'X', 'd', 'i', 'i', 'C', 'o', 'r', 's', 'e', 'X'] E
['f', 'i', 'l', 'e', '0', '3', '0', '2', 'A', 'U', 'X', 'd', 'i', 'i', 'C', 'o', 'r', 's', 'e', 'X'] P
['X', 'f', 'i', 'l', 'e', '0', '3', '0', '2', 'A', 'U', 'X', 'd', 'i', 'i', 'C', 'o', 'r', 's', 'e'] J
Xfile0302AUXdiiCorse
['0', 'e', 'd', 'o', 'c', 'n', 'E', 'E', 'n', 'c', 'o', 'd', 'e', '0'] P
['0', 'e', 'd', 'o', 'c', 'n', 'E', 'E', 'n', 'c', 'o', 'd', 'e', '0'] A
['0', '0', 'e', 'd', 'o', 'c', 'n', 'E', 'E', 'n', 'c', 'o', 'd', 'e'] J
['0', 'e', 'd', 'o', 'c', 'n', 'E', 'E', 'n', 'c', 'o', 'd', 'e', '0'] C
['E', 'n', 'c', 'o', 'd', 'e', '0', '0', 'e', 'd', 'o', 'c', 'n', 'E'] E
Encode00edocnE
['8', '2', 't', 'S', 'M', 'E', 'A', 'a', 'e', 'C', 'o', 'o', 'l', 'R', 'o', 'b', 'o', 't'] A
['C', 'o', 'o', 'l', 'R', 'o', 'b', 'o', 't', '8', '2', 't', 'S', 'M', 'E', 'A', 'a', 'e'] E
['C', 'o', 'o', 'l', 'R', 'o', 'b', 'o', 't', '9', '3', 't', 'S', 'M', 'E', 'A', 'a', 'e'] M
CoolRobot93tSMEAae
