0
No
1
No
2
No
3
No
4
Yes
5
No
6
No
7
No
8
Yes
9
No
10
No
11
No
12
Yes
13
No
14
No
15
No
16
Yes
17
No
18
No
19
No
20
No
21
Yes
22
No
23
Yes
24
Yes
25
Yes
26
No
27
Yes
28
Yes
29
Yes
30
No
31
No
32
Yes
33
No
34
No
35
No
36
Yes
37
No
38
No
39
No
40
No
41
No
42
Yes
43
No
44
Yes
45
No
46
Yes
47
No
48
Yes
49
No
50
No
51
No
52
Yes
53
No
54
No
55
No
56
Yes
57
No
58
No
59
No
60
No
61
Yes
62
No
63
Yes
64
Yes
65
Yes
66
No
67
Yes
68
Yes
69
Yes
70
No
71
No
72
Yes
73
No
74
No
75
No
76
Yes
77
No
78
No
79
No
80
No
81
No
82
Yes
83
No
84
Yes
85
No
86
Yes
87
No
88
Yes
89
No
90
No
91
No
92
Yes
93
No
94
No
95
No
96
Yes
97
No
98
No
99
No
100
No
101
No
102
No
103
No
104
No
105
No
106
No
107
No
108
No
109
No
110
No
111
No
112
Yes
113
No
114
No
115
No
116
Yes
117
No
118
No
119
No
120
No
121
Yes
122
Yes
123
Yes
124
Yes
125
Yes
126
Yes
127
Yes
128
Yes
129
Yes
130
No
131
No
132
Yes
133
No
134
No
135
No
136
Yes
137
No
138
No
139
No
140
No
141
No
142
Yes
143
No
144
Yes
145
No
146
Yes
147
No
148
Yes
149
No
150
No
151
No
152
Yes
153
No
154
No
155
No
156
Yes
157
No
158
No
159
No
160
No
161
Yes
162
Yes
163
Yes
164
Yes
165
Yes
166
Yes
167
Yes
168
Yes
169
Yes
170
No
171
No
172
Yes
173
No
174
No
175
No
176
Yes
177
No
178
No
179
No
180
No
181
No
182
Yes
183
No
184
Yes
185
No
186
Yes
187
No
188
Yes
189
No
190
No
191
No
192
Yes
193
No
194
No
195
No
196
Yes
197
No
198
No
199
No
200
No
201
No
202
No
203
No
204
No
205
No
206
No
207
No
208
No
209
No
210
No
211
Yes
212
Yes
213
Yes
214
Yes
215
Yes
216
Yes
217
Yes
218
Yes
219
Yes
220
No
221
Yes
222
No
223
Yes
224
Yes
225
Yes
226
No
227
Yes
228
Yes
229
Yes
230
No
231
Yes
232
Yes
233
Yes
234
Yes
235
Yes
236
Yes
237
Yes
238
Yes
239
Yes
240
No
241
Yes
242
Yes
243
Yes
244
Yes
245
Yes
246
Yes
247
Yes
248
Yes
249
Yes
250
No
251
Yes
252
Yes
253
Yes
254
Yes
255
Yes
256
Yes
257
Yes
258
Yes
259
Yes
260
No
261
Yes
262
No
263
Yes
264
Yes
265
Yes
266
No
267
Yes
268
Yes
269
Yes
270
No
271
Yes
272
Yes
273
Yes
274
Yes
275
Yes
276
Yes
277
Yes
278
Yes
279
Yes
280
No
281
Yes
282
Yes
283
Yes
284
Yes
285
Yes
286
Yes
287
Yes
288
Yes
289
Yes
290
No
291
Yes
292
Yes
293
Yes
294
Yes
295
Yes
296
Yes
297
Yes
298
Yes
299
Yes
300
No
301
No
302
No
303
No
304
No
305
No
306
No
307
No
308
No
309
No
310
No
311
No
312
Yes
313
No
314
No
315
No
316
Yes
317
No
318
No
319
No
320
No
321
Yes
322
Yes
323
Yes
324
Yes
325
Yes
326
Yes
327
Yes
328
Yes
329
Yes
330
No
331
No
332
Yes
333
No
334
No
335
No
336
Yes
337
No
338
No
339
No
340
No
341
No
342
Yes
343
No
344
Yes
345
No
346
Yes
347
No
348
Yes
349
No
350
No
351
No
352
Yes
353
No
354
No
355
No
356
Yes
357
No
358
No
359
No
360
No
361
Yes
362
Yes
363
Yes
364
Yes
365
Yes
366
Yes
367
Yes
368
Yes
369
Yes
370
No
371
No
372
Yes
373
No
374
No
375
No
376
Yes
377
No
378
No
379
No
380
No
381
No
382
Yes
383
No
384
Yes
385
No
386
Yes
387
No
388
Yes
389
No
390
No
391
No
392
Yes
393
No
394
No
395
No
396
Yes
397
No
398
No
399
No
400
No
401
No
402
No
403
No
404
No
405
No
406
No
407
No
408
No
409
No
410
No
411
No
412
Yes
413
No
414
Yes
415
No
416
Yes
417
No
418
Yes
419
No
420
No
421
Yes
422
Yes
423
Yes
424
Yes
425
Yes
426
Yes
427
Yes
428
Yes
429
Yes
430
No
431
No
432
Yes
433
No
434
Yes
435
No
436
Yes
437
No
438
Yes
439
No
440
No
441
Yes
442
Yes
443
Yes
444
Yes
445
Yes
446
Yes
447
Yes
448
Yes
449
Yes
450
No
451
No
452
Yes
453
No
454
Yes
455
No
456
Yes
457
No
458
Yes
459
No
460
No
461
Yes
462
Yes
463
Yes
464
Yes
465
Yes
466
Yes
467
Yes
468
Yes
469
Yes
470
No
471
No
472
Yes
473
No
474
Yes
475
No
476
Yes
477
No
478
Yes
479
No
480
No
481
Yes
482
Yes
483
Yes
484
Yes
485
Yes
486
Yes
487
Yes
488
Yes
489
Yes
490
No
491
No
492
Yes
493
No
494
Yes
495
No
496
Yes
497
No
498
Yes
499
No
500
No
501
No
502
No
503
No
504
No
505
No
506
No
507
No
508
No
509
No
510
No
511
No
512
Yes
513
No
514
No
515
No
516
Yes
517
No
518
No
519
No
520
No
521
Yes
522
Yes
523
Yes
524
Yes
525
Yes
526
Yes
527
Yes
528
Yes
529
Yes
530
No
531
No
532
Yes
533
No
534
No
535
No
536
Yes
537
No
538
No
539
No
540
No
541
No
542
Yes
543
No
544
Yes
545
No
546
Yes
547
No
548
Yes
549
No
550
No
551
No
552
Yes
553
No
554
No
555
No
556
Yes
557
No
558
No
559
No
560
No
561
Yes
562
Yes
563
Yes
564
Yes
565
Yes
566
Yes
567
Yes
568
Yes
569
Yes
570
No
571
No
572
Yes
573
No
574
No
575
No
576
Yes
577
No
578
No
579
No
580
No
581
No
582
Yes
583
No
584
Yes
585
No
586
Yes
587
No
588
Yes
589
No
590
No
591
No
592
Yes
593
No
594
No
595
No
596
Yes
597
No
598
No
599
No
600
No
601
No
602
No
603
No
604
No
605
No
606
No
607
No
608
No
609
No
610
No
611
Yes
612
Yes
613
Yes
614
Yes
615
Yes
616
Yes
617
Yes
618
Yes
619
Yes
620
No
621
Yes
622
No
623
Yes
624
Yes
625
Yes
626
No
627
Yes
628
Yes
629
Yes
630
No
631
Yes
632
Yes
633
Yes
634
Yes
635
Yes
636
Yes
637
Yes
638
Yes
639
Yes
640
No
641
Yes
642
Yes
643
Yes
644
Yes
645
Yes
646
Yes
647
Yes
648
Yes
649
Yes
650
No
651
Yes
652
Yes
653
Yes
654
Yes
655
Yes
656
Yes
657
Yes
658
Yes
659
Yes
660
No
661
Yes
662
No
663
Yes
664
Yes
665
Yes
666
No
667
Yes
668
Yes
669
Yes
670
No
671
Yes
672
Yes
673
Yes
674
Yes
675
Yes
676
Yes
677
Yes
678
Yes
679
Yes
680
No
681
Yes
682
Yes
683
Yes
684
Yes
685
Yes
686
Yes
687
Yes
688
Yes
689
Yes
690
No
691
Yes
692
Yes
693
Yes
694
Yes
695
Yes
696
Yes
697
Yes
698
Yes
699
Yes
700
No
701
No
702
No
703
No
704
No
705
No
706
No
707
No
708
No
709
No
710
No
711
No
712
Yes
713
No
714
No
715
No
716
Yes
717
No
718
No
719
No
720
No
721
Yes
722
Yes
723
Yes
724
Yes
725
Yes
726
Yes
727
Yes
728
Yes
729
Yes
730
No
731
No
732
Yes
733
No
734
No
735
No
736
Yes
737
No
738
No
739
No
740
No
741
No
742
Yes
743
No
744
Yes
745
No
746
Yes
747
No
748
Yes
749
No
750
No
751
No
752
Yes
753
No
754
No
755
No
756
Yes
757
No
758
No
759
No
760
No
761
Yes
762
Yes
763
Yes
764
Yes
765
Yes
766
Yes
767
Yes
768
Yes
769
Yes
770
No
771
No
772
Yes
773
No
774
No
775
No
776
Yes
777
No
778
No
779
No
780
No
781
No
782
Yes
783
No
784
Yes
785
No
786
Yes
787
No
788
Yes
789
No
790
No
791
No
792
Yes
793
No
794
No
795
No
796
Yes
797
No
798
No
799
No
800
No
801
No
802
No
803
No
804
No
805
No
806
No
807
No
808
No
809
No
810
No
811
No
812
Yes
813
No
814
Yes
815
No
816
Yes
817
No
818
Yes
819
No
820
No
821
Yes
822
Yes
823
Yes
824
Yes
825
Yes
826
Yes
827
Yes
828
Yes
829
Yes
830
No
831
No
832
Yes
833
No
834
Yes
835
No
836
Yes
837
No
838
Yes
839
No
840
No
841
Yes
842
Yes
843
Yes
844
Yes
845
Yes
846
Yes
847
Yes
848
Yes
849
Yes
850
No
851
No
852
Yes
853
No
854
Yes
855
No
856
Yes
857
No
858
Yes
859
No
860
No
861
Yes
862
Yes
863
Yes
864
Yes
865
Yes
866
Yes
867
Yes
868
Yes
869
Yes
870
No
871
No
872
Yes
873
No
874
Yes
875
No
876
Yes
877
No
878
Yes
879
No
880
No
881
Yes
882
Yes
883
Yes
884
Yes
885
Yes
886
Yes
887
Yes
888
Yes
889
Yes
890
No
891
No
892
Yes
893
No
894
Yes
895
No
896
Yes
897
No
898
Yes
899
No
900
No
901
No
902
No
903
No
904
No
905
No
906
No
907
No
908
No
909
No
910
No
911
No
912
Yes
913
No
914
No
915
No
916
Yes
917
No
918
No
919
No
920
No
921
Yes
922
Yes
923
Yes
924
Yes
925
Yes
926
Yes
927
Yes
928
Yes
929
Yes
930
No
931
No
932
Yes
933
No
934
No
935
No
936
Yes
937
No
938
No
939
No
940
No
941
No
942
Yes
943
No
944
Yes
945
No
946
Yes
947
No
948
Yes
949
No
950
No
951
No
952
Yes
953
No
954
No
955
No
956
Yes
957
No
958
No
959
No
960
No
961
Yes
962
Yes
963
Yes
964
Yes
965
Yes
966
Yes
967
Yes
968
Yes
969
Yes
970
No
971
No
972
Yes
973
No
974
No
975
No
976
Yes
977
No
978
No
979
No
980
No
981
No
982
Yes
983
No
984
Yes
985
No
986
Yes
987
No
988
Yes
989
No
990
No
991
No
992
Yes
993
No
994
No
995
No
996
Yes
997
No
998
No
999
No
