63.19517946231395
870.5610920853329
179.6619717456163
61.87481183858475
255.3703760343908
58.95343731082151
728.5625430687571
1261.480507719821
1272.9978490822045
856.5402421859127
226.4853931974883
16.251045961529073
803.1815218585527
306.7574947445803
300.0129685385556
2171.8605931136826
829.0279217234448
11.414213562373096
341.20530744417795
225.34424466167252
1248.8652026484813
697.2244568376724
294.9680218516407
315.39240975776676
850.7143915701902
1005.5437996789736
971.8767212924314
4760.40722650475
666.3277592722022
